C:\Program Files (x86)\Microsoft Visual Studio\2017\Community\Common7\IDE\VC\VCTargets\Microsoft.CppBuild.targets(372,5): warning MSB8004: Das Intermediate-Verzeichnis endet nicht mit einem nachstehenden Schrägstrich. Der Schrägstrich wird in dieser Buildinstanz hinzugefügt, da er für die ordnungsgemäße Auswertung des Intermediate-Verzeichnisses erforderlich ist.
  analysis.c
..\Dependencies\libvorbis\lib\analysis.c(82): warning C4244: "Initialisierung": Konvertierung von "double" in "float", möglicher Datenverlust
  bitrate.c
..\Dependencies\libvorbis\lib\bitrate.c(42): warning C4244: "=": Konvertierung von "double" in "long", möglicher Datenverlust
..\Dependencies\libvorbis\lib\bitrate.c(43): warning C4244: "=": Konvertierung von "double" in "long", möglicher Datenverlust
..\Dependencies\libvorbis\lib\bitrate.c(44): warning C4244: "=": Konvertierung von "double" in "long", möglicher Datenverlust
..\Dependencies\libvorbis\lib\bitrate.c(51): warning C4244: "Initialisierung": Konvertierung von "double" in "long", möglicher Datenverlust
..\Dependencies\libvorbis\lib\bitrate.c(135): warning C4244: "=": Konvertierung von "double" in "int", möglicher Datenverlust
..\Dependencies\libvorbis\lib\bitrate.c(83): warning C4244: "Initialisierung": Konvertierung von "double" in "int", möglicher Datenverlust
..\Dependencies\libvorbis\lib\bitrate.c(88): warning C4244: "Initialisierung": Konvertierung von "double" in "long", möglicher Datenverlust
  block.c
..\Dependencies\libvorbis\lib\block.c(845): warning C4244: "-=": Konvertierung von "ogg_int64_t" in "int", möglicher Datenverlust
..\Dependencies\libvorbis\lib\block.c(848): warning C4244: "+=": Konvertierung von "ogg_int64_t" in "int", möglicher Datenverlust
..\Dependencies\libvorbis\lib\block.c(861): warning C4244: "Initialisierung": Konvertierung von "ogg_int64_t" in "long", möglicher Datenverlust
  codebook.c
  envelope.c
..\Dependencies\libvorbis\lib\envelope.c(48): warning C4244: "=": Konvertierung von "double" in "float", möglicher Datenverlust
..\Dependencies\libvorbis\lib\envelope.c(65): warning C4244: "=": Konvertierung von "double" in "float", möglicher Datenverlust
..\Dependencies\libvorbis\lib\envelope.c(68): warning C4244: "=": Konvertierung von "double" in "float", möglicher Datenverlust
..\Dependencies\libvorbis\lib\envelope.c(146): warning C4244: "=": Konvertierung von "double" in "float", möglicher Datenverlust
..\Dependencies\libvorbis\lib\envelope.c(128): warning C4244: "Initialisierung": Konvertierung von "double" in "float", möglicher Datenverlust
  floor0.c
..\Dependencies\libvorbis\lib\floor0.c(124): warning C4244: "Initialisierung": Konvertierung von "double" in "float", möglicher Datenverlust
..\Dependencies\libvorbis\lib\floor0.c(134): warning C4244: "Initialisierung": Konvertierung von "double" in "int", möglicher Datenverlust
  floor1.c
..\Dependencies\libvorbis\lib\floor1.c(288): warning C4244: "Initialisierung": Konvertierung von "const float" in "int", möglicher Datenverlust
..\Dependencies\libvorbis\lib\floor1.c(459): warning C4244: "Initialisierung": Konvertierung von "float" in "int", möglicher Datenverlust
..\Dependencies\libvorbis\lib\floor1.c(513): warning C4244: "=": Konvertierung von "double" in "int", möglicher Datenverlust
..\Dependencies\libvorbis\lib\floor1.c(514): warning C4244: "=": Konvertierung von "double" in "int", möglicher Datenverlust
  info.c
..\Dependencies\libvorbis\lib\info.c(54): warning C4244: "=": Konvertierung von "long" in "char", möglicher Datenverlust
  lookup.c
  lpc.c
..\Dependencies\libvorbis\lib\lpc.c(114): warning C4244: "return": Konvertierung von "double" in "float", möglicher Datenverlust
  lsp.c
e:\github\clownfish-engine\clownfish\dependencies\libvorbis\lib\lookup.c(31): warning C4244: "return": Konvertierung von "double" in "float", möglicher Datenverlust
e:\github\clownfish-engine\clownfish\dependencies\libvorbis\lib\lookup.c(38): warning C4244: "return": Konvertierung von "double" in "float", möglicher Datenverlust
..\Dependencies\libvorbis\lib\lsp.c(101): warning C4244: "=": Konvertierung von "double" in "float", möglicher Datenverlust
..\Dependencies\libvorbis\lib\lsp.c(67): warning C4244: "Initialisierung": Konvertierung von "double" in "float", möglicher Datenverlust
..\Dependencies\libvorbis\lib\lsp.c(351): warning C4244: "=": Konvertierung von "double" in "float", möglicher Datenverlust
..\Dependencies\libvorbis\lib\lsp.c(398): warning C4244: "=": Konvertierung von "double" in "float", möglicher Datenverlust
..\Dependencies\libvorbis\lib\lsp.c(450): warning C4244: "=": Konvertierung von "double" in "float", möglicher Datenverlust
..\Dependencies\libvorbis\lib\lsp.c(453): warning C4244: "=": Konvertierung von "double" in "float", möglicher Datenverlust
  mapping0.c
..\Dependencies\libvorbis\lib\mapping0.c(277): warning C4244: "=": Konvertierung von "double" in "float", möglicher Datenverlust
..\Dependencies\libvorbis\lib\mapping0.c(317): warning C4244: "=": Konvertierung von "double" in "float", möglicher Datenverlust
..\Dependencies\libvorbis\lib\mapping0.c(334): warning C4244: "=": Konvertierung von "double" in "float", möglicher Datenverlust
..\Dependencies\libvorbis\lib\mapping0.c(390): warning C4244: "=": Konvertierung von "double" in "float", möglicher Datenverlust
  mdct.c
..\Dependencies\libvorbis\lib\mdct.c(58): warning C4244: "=": Konvertierung von "double" in "int", möglicher Datenverlust
..\Dependencies\libvorbis\lib\mdct.c(66): warning C4244: "=": Konvertierung von "double" in "float", möglicher Datenverlust
..\Dependencies\libvorbis\lib\mdct.c(67): warning C4244: "=": Konvertierung von "double" in "float", möglicher Datenverlust
..\Dependencies\libvorbis\lib\mdct.c(68): warning C4244: "=": Konvertierung von "double" in "float", möglicher Datenverlust
..\Dependencies\libvorbis\lib\mdct.c(69): warning C4244: "=": Konvertierung von "double" in "float", möglicher Datenverlust
..\Dependencies\libvorbis\lib\mdct.c(72): warning C4244: "=": Konvertierung von "double" in "float", möglicher Datenverlust
..\Dependencies\libvorbis\lib\mdct.c(73): warning C4244: "=": Konvertierung von "double" in "float", möglicher Datenverlust
  psy.c
..\Dependencies\libvorbis\lib\psy.c(137): warning C4244: "Funktion": Konvertierung von "double" in "float", möglicher Datenverlust
..\Dependencies\libvorbis\lib\psy.c(139): warning C4244: "Funktion": Konvertierung von "double" in "float", möglicher Datenverlust
..\Dependencies\libvorbis\lib\psy.c(173): warning C4244: "=": Konvertierung von "double" in "int", möglicher Datenverlust
..\Dependencies\libvorbis\lib\psy.c(174): warning C4244: "=": Konvertierung von "double" in "int", möglicher Datenverlust
..\Dependencies\libvorbis\lib\psy.c(175): warning C4244: "=": Konvertierung von "double" in "int", möglicher Datenverlust
..\Dependencies\libvorbis\lib\psy.c(254): warning C4244: "=": Konvertierung von "int" in "float", möglicher Datenverlust
..\Dependencies\libvorbis\lib\psy.c(259): warning C4244: "=": Konvertierung von "int" in "float", möglicher Datenverlust
..\Dependencies\libvorbis\lib\psy.c(192): warning C4244: "Initialisierung": Konvertierung von "double" in "int", möglicher Datenverlust
..\Dependencies\libvorbis\lib\psy.c(193): warning C4244: "Initialisierung": Konvertierung von "double" in "int", möglicher Datenverlust
..\Dependencies\libvorbis\lib\psy.c(217): warning C4244: "Initialisierung": Konvertierung von "double" in "int", möglicher Datenverlust
..\Dependencies\libvorbis\lib\psy.c(218): warning C4244: "Initialisierung": Konvertierung von "double" in "int", möglicher Datenverlust
..\Dependencies\libvorbis\lib\psy.c(239): warning C4244: "Initialisierung": Konvertierung von "double" in "int", möglicher Datenverlust
..\Dependencies\libvorbis\lib\psy.c(274): warning C4244: "=": Konvertierung von "double" in "long", möglicher Datenverlust
..\Dependencies\libvorbis\lib\psy.c(276): warning C4244: "=": Konvertierung von "double" in "long", möglicher Datenverlust
..\Dependencies\libvorbis\lib\psy.c(277): warning C4244: "=": Konvertierung von "double" in "long", möglicher Datenverlust
..\Dependencies\libvorbis\lib\psy.c(290): warning C4305: "=": Verkürzung von "double" in "float"
..\Dependencies\libvorbis\lib\psy.c(291): warning C4305: "=": Verkürzung von "double" in "float"
..\Dependencies\libvorbis\lib\psy.c(301): warning C4244: "=": Konvertierung von "double" in "float", möglicher Datenverlust
..\Dependencies\libvorbis\lib\psy.c(321): warning C4244: "=": Konvertierung von "double" in "long", möglicher Datenverlust
..\Dependencies\libvorbis\lib\psy.c(323): warning C4244: "Funktion": Konvertierung von "double" in "float", möglicher Datenverlust
..\Dependencies\libvorbis\lib\psy.c(344): warning C4244: "=": Konvertierung von "double" in "float", möglicher Datenverlust
..\Dependencies\libvorbis\lib\psy.c(296): warning C4244: "Initialisierung": Konvertierung von "double" in "int", möglicher Datenverlust
..\Dependencies\libvorbis\lib\psy.c(308): warning C4244: "Initialisierung": Konvertierung von "double" in "float", möglicher Datenverlust
..\Dependencies\libvorbis\lib\psy.c(332): warning C4244: "Initialisierung": Konvertierung von "double" in "float", möglicher Datenverlust
..\Dependencies\libvorbis\lib\psy.c(398): warning C4244: "=": Konvertierung von "const float" in "int", möglicher Datenverlust
..\Dependencies\libvorbis\lib\psy.c(400): warning C4244: "=": Konvertierung von "const float" in "int", möglicher Datenverlust
..\Dependencies\libvorbis\lib\psy.c(567): warning C4244: "=": Konvertierung von "double" in "float", möglicher Datenverlust
..\Dependencies\libvorbis\lib\psy.c(821): warning C4244: "Initialisierung": Konvertierung von "double" in "int", möglicher Datenverlust
..\Dependencies\libvorbis\lib\psy.c(883): warning C4305: "=": Verkürzung von "double" in "float"
..\Dependencies\libvorbis\lib\psy.c(889): warning C4244: "=": Konvertierung von "double" in "float", möglicher Datenverlust
..\Dependencies\libvorbis\lib\psy.c(896): warning C4305: "=": Verkürzung von "double" in "float"
..\Dependencies\libvorbis\lib\psy.c(900): warning C4244: "=": Konvertierung von "double" in "float", möglicher Datenverlust
..\Dependencies\libvorbis\lib\psy.c(940): warning C4244: "=": Konvertierung von "double" in "float", möglicher Datenverlust
..\Dependencies\libvorbis\lib\psy.c(945): warning C4305: "Initialisierung": Verkürzung von "double" in "float"
..\Dependencies\libvorbis\lib\psy.c(977): warning C4244: "return": Konvertierung von "double" in "float", möglicher Datenverlust
..\Dependencies\libvorbis\lib\psy.c(978): warning C4244: "return": Konvertierung von "double" in "float", möglicher Datenverlust
..\Dependencies\libvorbis\lib\psy.c(979): warning C4244: "return": Konvertierung von "double" in "float", möglicher Datenverlust
..\Dependencies\libvorbis\lib\psy.c(981): warning C4244: "return": Konvertierung von "double" in "float", möglicher Datenverlust
..\Dependencies\libvorbis\lib\psy.c(982): warning C4244: "return": Konvertierung von "double" in "float", möglicher Datenverlust
..\Dependencies\libvorbis\lib\psy.c(983): warning C4244: "return": Konvertierung von "double" in "float", möglicher Datenverlust
..\Dependencies\libvorbis\lib\psy.c(987): warning C4244: "return": Konvertierung von "double" in "float", möglicher Datenverlust
..\Dependencies\libvorbis\lib\psy.c(988): warning C4244: "return": Konvertierung von "double" in "float", möglicher Datenverlust
..\Dependencies\libvorbis\lib\psy.c(989): warning C4244: "return": Konvertierung von "double" in "float", möglicher Datenverlust
..\Dependencies\libvorbis\lib\psy.c(991): warning C4244: "return": Konvertierung von "double" in "float", möglicher Datenverlust
..\Dependencies\libvorbis\lib\psy.c(992): warning C4244: "return": Konvertierung von "double" in "float", möglicher Datenverlust
..\Dependencies\libvorbis\lib\psy.c(993): warning C4244: "return": Konvertierung von "double" in "float", möglicher Datenverlust
..\Dependencies\libvorbis\lib\psy.c(1022): warning C4244: "Initialisierung": Konvertierung von "double" in "float", möglicher Datenverlust
..\Dependencies\libvorbis\lib\psy.c(1023): warning C4244: "Initialisierung": Konvertierung von "double" in "float", möglicher Datenverlust
..\Dependencies\libvorbis\lib\psy.c(1082): warning C4244: "=": Konvertierung von "double" in "float", möglicher Datenverlust
..\Dependencies\libvorbis\lib\psy.c(1095): warning C4244: "=": Konvertierung von "double" in "float", möglicher Datenverlust
..\Dependencies\libvorbis\lib\psy.c(1113): warning C4244: "=": Konvertierung von "double" in "float", möglicher Datenverlust
..\Dependencies\libvorbis\lib\psy.c(1165): warning C4244: "=": Konvertierung von "double" in "float", möglicher Datenverlust
..\Dependencies\libvorbis\lib\psy.c(1154): warning C4244: "Initialisierung": Konvertierung von "double" in "float", möglicher Datenverlust
..\Dependencies\libvorbis\lib\psy.c(1155): warning C4244: "Initialisierung": Konvertierung von "double" in "float", möglicher Datenverlust
..\Dependencies\libvorbis\lib\psy.c(1225): warning C4244: "*=": Konvertierung von "double" in "float", möglicher Datenverlust
..\Dependencies\libvorbis\lib\psy.c(1218): warning C4244: "Initialisierung": Konvertierung von "double" in "int", möglicher Datenverlust
  registry.c
  res0.c
..\Dependencies\libvorbis\lib\res0.c(266): warning C4244: "=": Konvertierung von "double" in "int", möglicher Datenverlust
..\Dependencies\libvorbis\lib\res0.c(401): warning C4244: "=": Konvertierung von "double" in "float", möglicher Datenverlust
..\Dependencies\libvorbis\lib\res0.c(402): warning C4244: "+=": Konvertierung von "double" in "float", möglicher Datenverlust
..\Dependencies\libvorbis\lib\res0.c(384): warning C4244: "Initialisierung": Konvertierung von "double" in "float", möglicher Datenverlust
..\Dependencies\libvorbis\lib\res0.c(464): warning C4244: "=": Konvertierung von "double" in "float", möglicher Datenverlust
..\Dependencies\libvorbis\lib\res0.c(466): warning C4244: "=": Konvertierung von "double" in "float", möglicher Datenverlust
  sharedbook.c
..\Dependencies\libvorbis\lib\sharedbook.c(55): warning C4244: "=": Konvertierung von "double" in "long", möglicher Datenverlust
..\Dependencies\libvorbis\lib\sharedbook.c(56): warning C4244: "=": Konvertierung von "double" in "long", möglicher Datenverlust
..\Dependencies\libvorbis\lib\sharedbook.c(67): warning C4244: "return": Konvertierung von "double" in "float", möglicher Datenverlust
..\Dependencies\libvorbis\lib\sharedbook.c(151): warning C4244: "Initialisierung": Konvertierung von "double" in "long", möglicher Datenverlust
..\Dependencies\libvorbis\lib\sharedbook.c(210): warning C4244: "=": Konvertierung von "double" in "float", möglicher Datenverlust
..\Dependencies\libvorbis\lib\sharedbook.c(230): warning C4244: "=": Konvertierung von "double" in "float", möglicher Datenverlust
..\Dependencies\libvorbis\lib\sharedbook.c(209): warning C4244: "Initialisierung": Konvertierung von "long" in "float", möglicher Datenverlust
..\Dependencies\libvorbis\lib\sharedbook.c(229): warning C4244: "Initialisierung": Konvertierung von "long" in "float", möglicher Datenverlust
..\Dependencies\libvorbis\lib\sharedbook.c(380): warning C4244: "=": Konvertierung von "long" in "char", möglicher Datenverlust
  smallft.c
..\Dependencies\libvorbis\lib\smallft.c(99): warning C4244: "=": Konvertierung von "double" in "float", möglicher Datenverlust
..\Dependencies\libvorbis\lib\smallft.c(100): warning C4244: "=": Konvertierung von "double" in "float", möglicher Datenverlust
..\Dependencies\libvorbis\lib\smallft.c(283): warning C4244: "=": Konvertierung von "double" in "float", möglicher Datenverlust
..\Dependencies\libvorbis\lib\smallft.c(284): warning C4244: "=": Konvertierung von "double" in "float", möglicher Datenverlust
..\Dependencies\libvorbis\lib\smallft.c(853): warning C4244: "=": Konvertierung von "double" in "float", möglicher Datenverlust
..\Dependencies\libvorbis\lib\smallft.c(854): warning C4244: "=": Konvertierung von "double" in "float", möglicher Datenverlust
  synthesis.c
  tone.c
..\Dependencies\libvorbis\lib\tone.c(18): warning C4013: "alloca" undefiniert; Annahme: extern mit Rückgabetyp int
..\Dependencies\libvorbis\lib\tone.c(18): warning C4047: "=": Anzahl der Dereferenzierungen bei "double *" und "int" unterschiedlich
..\Dependencies\libvorbis\lib\tone.c(19): warning C4047: "=": Anzahl der Dereferenzierungen bei "double *" und "int" unterschiedlich
..\Dependencies\libvorbis\lib\tone.c(40): warning C4244: "+=": Konvertierung von "double" in "float", möglicher Datenverlust
..\Dependencies\libvorbis\lib\tone.c(41): warning C4244: "=": Konvertierung von "double" in "int", möglicher Datenverlust
..\Dependencies\libvorbis\lib\tone.c(43): warning C4244: "=": Konvertierung von "float" in "int", möglicher Datenverlust
..\Dependencies\libvorbis\lib\tone.c(44): warning C4244: "=": Konvertierung von "float" in "int", möglicher Datenverlust
  Kompilieren...
  vorbisenc.c
e:\github\clownfish-engine\clownfish\dependencies\libvorbis\lib\modes/psych_44.h(27): warning C4244: "Initialisierung": Konvertierung von "double" in "int", möglicher Datenverlust
e:\github\clownfish-engine\clownfish\dependencies\libvorbis\lib\modes/psych_44.h(33): warning C4244: "Initialisierung": Konvertierung von "double" in "int", möglicher Datenverlust
e:\github\clownfish-engine\clownfish\dependencies\libvorbis\lib\modes/psych_44.h(39): warning C4244: "Initialisierung": Konvertierung von "double" in "int", möglicher Datenverlust
e:\github\clownfish-engine\clownfish\dependencies\libvorbis\lib\modes/psych_44.h(45): warning C4244: "Initialisierung": Konvertierung von "double" in "int", möglicher Datenverlust
e:\github\clownfish-engine\clownfish\dependencies\libvorbis\lib\modes/psych_44.h(51): warning C4244: "Initialisierung": Konvertierung von "double" in "int", möglicher Datenverlust
..\Dependencies\libvorbis\lib\vorbisenc.c(203): warning C4244: "Initialisierung": Konvertierung von "double" in "int", möglicher Datenverlust
..\Dependencies\libvorbis\lib\vorbisenc.c(259): warning C4244: "=": Konvertierung von "double" in "float", möglicher Datenverlust
..\Dependencies\libvorbis\lib\vorbisenc.c(260): warning C4244: "=": Konvertierung von "double" in "float", möglicher Datenverlust
..\Dependencies\libvorbis\lib\vorbisenc.c(262): warning C4244: "=": Konvertierung von "double" in "float", möglicher Datenverlust
..\Dependencies\libvorbis\lib\vorbisenc.c(242): warning C4244: "Initialisierung": Konvertierung von "double" in "int", möglicher Datenverlust
..\Dependencies\libvorbis\lib\vorbisenc.c(283): warning C4244: "=": Konvertierung von "double" in "int", möglicher Datenverlust
..\Dependencies\libvorbis\lib\vorbisenc.c(284): warning C4244: "=": Konvertierung von "double" in "int", möglicher Datenverlust
..\Dependencies\libvorbis\lib\vorbisenc.c(285): warning C4244: "=": Konvertierung von "float" in "int", möglicher Datenverlust
..\Dependencies\libvorbis\lib\vorbisenc.c(287): warning C4244: "=": Konvertierung von "double" in "float", möglicher Datenverlust
..\Dependencies\libvorbis\lib\vorbisenc.c(288): warning C4244: "=": Konvertierung von "double" in "int", möglicher Datenverlust
..\Dependencies\libvorbis\lib\vorbisenc.c(289): warning C4244: "=": Konvertierung von "double" in "int", möglicher Datenverlust
..\Dependencies\libvorbis\lib\vorbisenc.c(295): warning C4244: "=": Konvertierung von "double" in "int", möglicher Datenverlust
..\Dependencies\libvorbis\lib\vorbisenc.c(296): warning C4244: "=": Konvertierung von "double" in "int", möglicher Datenverlust
..\Dependencies\libvorbis\lib\vorbisenc.c(297): warning C4244: "=": Konvertierung von "float" in "int", möglicher Datenverlust
..\Dependencies\libvorbis\lib\vorbisenc.c(300): warning C4244: "=": Konvertierung von "double" in "float", möglicher Datenverlust
..\Dependencies\libvorbis\lib\vorbisenc.c(302): warning C4244: "=": Konvertierung von "double" in "int", möglicher Datenverlust
..\Dependencies\libvorbis\lib\vorbisenc.c(303): warning C4244: "=": Konvertierung von "double" in "int", möglicher Datenverlust
..\Dependencies\libvorbis\lib\vorbisenc.c(269): warning C4244: "Initialisierung": Konvertierung von "double" in "float", möglicher Datenverlust
..\Dependencies\libvorbis\lib\vorbisenc.c(270): warning C4244: "Initialisierung": Konvertierung von "float" in "int", möglicher Datenverlust
..\Dependencies\libvorbis\lib\vorbisenc.c(282): warning C4244: "Initialisierung": Konvertierung von "double" in "float", möglicher Datenverlust
..\Dependencies\libvorbis\lib\vorbisenc.c(293): warning C4244: "Initialisierung": Konvertierung von "double" in "float", möglicher Datenverlust
..\Dependencies\libvorbis\lib\vorbisenc.c(323): warning C4244: "Initialisierung": Konvertierung von "double" in "int", möglicher Datenverlust
..\Dependencies\libvorbis\lib\vorbisenc.c(357): warning C4244: "=": Konvertierung von "double" in "float", möglicher Datenverlust
..\Dependencies\libvorbis\lib\vorbisenc.c(358): warning C4244: "=": Konvertierung von "double" in "float", möglicher Datenverlust
..\Dependencies\libvorbis\lib\vorbisenc.c(359): warning C4244: "=": Konvertierung von "double" in "float", möglicher Datenverlust
..\Dependencies\libvorbis\lib\vorbisenc.c(360): warning C4244: "=": Konvertierung von "double" in "float", möglicher Datenverlust
..\Dependencies\libvorbis\lib\vorbisenc.c(361): warning C4244: "=": Konvertierung von "double" in "float", möglicher Datenverlust
..\Dependencies\libvorbis\lib\vorbisenc.c(363): warning C4244: "=": Konvertierung von "double" in "float", möglicher Datenverlust
..\Dependencies\libvorbis\lib\vorbisenc.c(366): warning C4244: "=": Konvertierung von "double" in "float", möglicher Datenverlust
..\Dependencies\libvorbis\lib\vorbisenc.c(350): warning C4244: "Initialisierung": Konvertierung von "double" in "int", möglicher Datenverlust
..\Dependencies\libvorbis\lib\vorbisenc.c(388): warning C4244: "=": Konvertierung von "double" in "float", möglicher Datenverlust
..\Dependencies\libvorbis\lib\vorbisenc.c(373): warning C4244: "Initialisierung": Konvertierung von "double" in "int", möglicher Datenverlust
..\Dependencies\libvorbis\lib\vorbisenc.c(399): warning C4244: "=": Konvertierung von "double" in "float", möglicher Datenverlust
..\Dependencies\libvorbis\lib\vorbisenc.c(394): warning C4244: "Initialisierung": Konvertierung von "double" in "int", möglicher Datenverlust
..\Dependencies\libvorbis\lib\vorbisenc.c(414): warning C4244: "=": Konvertierung von "double" in "float", möglicher Datenverlust
..\Dependencies\libvorbis\lib\vorbisenc.c(421): warning C4244: "=": Konvertierung von "double" in "float", möglicher Datenverlust
..\Dependencies\libvorbis\lib\vorbisenc.c(428): warning C4244: "+=": Konvertierung von "double" in "float", möglicher Datenverlust
..\Dependencies\libvorbis\lib\vorbisenc.c(409): warning C4244: "Initialisierung": Konvertierung von "double" in "int", möglicher Datenverlust
..\Dependencies\libvorbis\lib\vorbisenc.c(440): warning C4244: "=": Konvertierung von "double" in "float", möglicher Datenverlust
..\Dependencies\libvorbis\lib\vorbisenc.c(441): warning C4244: "=": Konvertierung von "double" in "float", möglicher Datenverlust
..\Dependencies\libvorbis\lib\vorbisenc.c(458): warning C4244: "Initialisierung": Konvertierung von "double" in "int", möglicher Datenverlust
..\Dependencies\libvorbis\lib\vorbisenc.c(552): warning C4244: "=": Konvertierung von "double" in "int", möglicher Datenverlust
..\Dependencies\libvorbis\lib\vorbisenc.c(582): warning C4244: "Initialisierung": Konvertierung von "double" in "int", möglicher Datenverlust
..\Dependencies\libvorbis\lib\vorbisenc.c(611): warning C4244: "Initialisierung": Konvertierung von "double" in "int", möglicher Datenverlust
..\Dependencies\libvorbis\lib\vorbisenc.c(651): warning C4244: "Initialisierung": Konvertierung von "double" in "float", möglicher Datenverlust
..\Dependencies\libvorbis\lib\vorbisenc.c(652): warning C4244: "Initialisierung": Konvertierung von "double" in "float", möglicher Datenverlust
..\Dependencies\libvorbis\lib\vorbisenc.c(653): warning C4244: "Initialisierung": Konvertierung von "double" in "float", möglicher Datenverlust
..\Dependencies\libvorbis\lib\vorbisenc.c(830): warning C4244: "=": Konvertierung von "double" in "long", möglicher Datenverlust
..\Dependencies\libvorbis\lib\vorbisenc.c(836): warning C4244: "=": Konvertierung von "double" in "long", möglicher Datenverlust
..\Dependencies\libvorbis\lib\vorbisenc.c(838): warning C4244: "=": Konvertierung von "double" in "long", möglicher Datenverlust
..\Dependencies\libvorbis\lib\vorbisenc.c(869): warning C4244: "=": Konvertierung von "double" in "int", möglicher Datenverlust
..\Dependencies\libvorbis\lib\vorbisenc.c(909): warning C4305: "+=": Verkürzung von "double" in "float"
..\Dependencies\libvorbis\lib\vorbisenc.c(910): warning C4305: "=": Verkürzung von "double" in "float"
..\Dependencies\libvorbis\lib\vorbisenc.c(954): warning C4244: "=": Konvertierung von "double" in "long", möglicher Datenverlust
..\Dependencies\libvorbis\lib\vorbisenc.c(956): warning C4244: "=": Konvertierung von "double" in "long", möglicher Datenverlust
..\Dependencies\libvorbis\lib\vorbisenc.c(979): warning C4244: "=": Konvertierung von "double" in "long", möglicher Datenverlust
..\Dependencies\libvorbis\lib\vorbisenc.c(1063): warning C4244: "=": Konvertierung von "double" in "long", möglicher Datenverlust
..\Dependencies\libvorbis\lib\vorbisenc.c(1079): warning C4244: "=": Konvertierung von "double" in "long", möglicher Datenverlust
..\Dependencies\libvorbis\lib\vorbisenc.c(1082): warning C4244: "=": Konvertierung von "double" in "long", möglicher Datenverlust
  vorbisfile.c
  window.c
  libvorbis.vcxproj -> E:\GitHub\Clownfish-Engine\Clownfish\Dependencies\libvorbis\bin\libvorbis.lib
