C:\Program Files (x86)\Microsoft Visual Studio\2017\Community\Common7\IDE\VC\VCTargets\Microsoft.CppBuild.targets(373,5): warning MSB8004: Das Output-Verzeichnis endet nicht mit einem nachstehenden Schrägstrich. Der Schrägstrich wird in dieser Buildinstanz hinzugefügt, da er für die ordnungsgemäße Auswertung des Output-Verzeichnisses erforderlich ist.
  Layout.cpp
e:\github\clownfish-engine\clownfish\clownfish-core\src\graphics\..\input\input.h(51): warning C4091: "static ": Ignoriert auf der linken Seite von "clownfish::input::Input", wenn keine Variable deklariert wurde
e:\github\clownfish-engine\clownfish\clownfish-core\src\maths\maths_func.h(11): warning C4244: "return": Konvertierung von "double" in "float", möglicher Datenverlust
e:\github\clownfish-engine\clownfish\clownfish-core\src\graphics\Renderable2D.h(73): warning C4244: "Initialisierung": Konvertierung von "float" in "int", möglicher Datenverlust
e:\github\clownfish-engine\clownfish\clownfish-core\src\graphics\Renderable2D.h(74): warning C4244: "Initialisierung": Konvertierung von "float" in "int", möglicher Datenverlust
e:\github\clownfish-engine\clownfish\clownfish-core\src\graphics\Renderable2D.h(75): warning C4244: "Initialisierung": Konvertierung von "float" in "int", möglicher Datenverlust
e:\github\clownfish-engine\clownfish\clownfish-core\src\graphics\Renderable2D.h(76): warning C4244: "Initialisierung": Konvertierung von "float" in "int", möglicher Datenverlust
  audioclip.cpp
  audiomanager.cpp
src\audio\audiomanager.cpp(36): warning C4018: "<": Konflikt zwischen "signed" und "unsigned"
  fontmanager.cpp
src\graphics\fontmanager.cpp(37): warning C4018: "<": Konflikt zwischen "signed" und "unsigned"
  font.cpp
src\graphics\font.cpp(10): warning C4244: "Argument": Konvertierung von "unsigned int" in "const float", möglicher Datenverlust
  BatchRenderer2D.cpp
e:\github\clownfish-engine\clownfish\clownfish-core\src\maths\maths_func.h(11): warning C4244: "return": Konvertierung von "double" in "float", möglicher Datenverlust
e:\github\clownfish-engine\clownfish\clownfish-core\src\graphics\Renderable2D.h(73): warning C4244: "Initialisierung": Konvertierung von "float" in "int", möglicher Datenverlust
e:\github\clownfish-engine\clownfish\clownfish-core\src\graphics\Renderable2D.h(74): warning C4244: "Initialisierung": Konvertierung von "float" in "int", möglicher Datenverlust
e:\github\clownfish-engine\clownfish\clownfish-core\src\graphics\Renderable2D.h(75): warning C4244: "Initialisierung": Konvertierung von "float" in "int", möglicher Datenverlust
e:\github\clownfish-engine\clownfish\clownfish-core\src\graphics\Renderable2D.h(76): warning C4244: "Initialisierung": Konvertierung von "float" in "int", möglicher Datenverlust
src\graphics\BatchRenderer2D.cpp(80): warning C4018: "<": Konflikt zwischen "signed" und "unsigned"
src\graphics\BatchRenderer2D.cpp(145): warning C4018: "<": Konflikt zwischen "signed" und "unsigned"
src\graphics\BatchRenderer2D.cpp(173): warning C4018: "<": Konflikt zwischen "signed" und "unsigned"
src\graphics\BatchRenderer2D.cpp(237): warning C4018: "<": Konflikt zwischen "signed" und "unsigned"
  buffer.cpp
  indexbuffer.cpp
  vertexarray.cpp
src\graphics\buffers\vertexarray.cpp(14): warning C4018: "<": Konflikt zwischen "signed" und "unsigned"
  label.cpp
e:\github\clownfish-engine\clownfish\clownfish-core\src\maths\maths_func.h(11): warning C4244: "return": Konvertierung von "double" in "float", möglicher Datenverlust
e:\github\clownfish-engine\clownfish\clownfish-core\src\graphics\Renderable2D.h(73): warning C4244: "Initialisierung": Konvertierung von "float" in "int", möglicher Datenverlust
e:\github\clownfish-engine\clownfish\clownfish-core\src\graphics\Renderable2D.h(74): warning C4244: "Initialisierung": Konvertierung von "float" in "int", möglicher Datenverlust
e:\github\clownfish-engine\clownfish\clownfish-core\src\graphics\Renderable2D.h(75): warning C4244: "Initialisierung": Konvertierung von "float" in "int", möglicher Datenverlust
e:\github\clownfish-engine\clownfish\clownfish-core\src\graphics\Renderable2D.h(76): warning C4244: "Initialisierung": Konvertierung von "float" in "int", möglicher Datenverlust
  group.cpp
e:\github\clownfish-engine\clownfish\clownfish-core\src\maths\maths_func.h(11): warning C4244: "return": Konvertierung von "double" in "float", möglicher Datenverlust
e:\github\clownfish-engine\clownfish\clownfish-core\src\graphics\layers\..\Renderable2D.h(73): warning C4244: "Initialisierung": Konvertierung von "float" in "int", möglicher Datenverlust
e:\github\clownfish-engine\clownfish\clownfish-core\src\graphics\layers\..\Renderable2D.h(74): warning C4244: "Initialisierung": Konvertierung von "float" in "int", möglicher Datenverlust
e:\github\clownfish-engine\clownfish\clownfish-core\src\graphics\layers\..\Renderable2D.h(75): warning C4244: "Initialisierung": Konvertierung von "float" in "int", möglicher Datenverlust
e:\github\clownfish-engine\clownfish\clownfish-core\src\graphics\layers\..\Renderable2D.h(76): warning C4244: "Initialisierung": Konvertierung von "float" in "int", möglicher Datenverlust
src\graphics\layers\group.cpp(12): warning C4018: "<": Konflikt zwischen "signed" und "unsigned"
  layer.cpp
e:\github\clownfish-engine\clownfish\clownfish-core\src\maths\maths_func.h(11): warning C4244: "return": Konvertierung von "double" in "float", möglicher Datenverlust
e:\github\clownfish-engine\clownfish\clownfish-core\src\graphics\layers\..\Renderable2D.h(73): warning C4244: "Initialisierung": Konvertierung von "float" in "int", möglicher Datenverlust
e:\github\clownfish-engine\clownfish\clownfish-core\src\graphics\layers\..\Renderable2D.h(74): warning C4244: "Initialisierung": Konvertierung von "float" in "int", möglicher Datenverlust
e:\github\clownfish-engine\clownfish\clownfish-core\src\graphics\layers\..\Renderable2D.h(75): warning C4244: "Initialisierung": Konvertierung von "float" in "int", möglicher Datenverlust
e:\github\clownfish-engine\clownfish\clownfish-core\src\graphics\layers\..\Renderable2D.h(76): warning C4244: "Initialisierung": Konvertierung von "float" in "int", möglicher Datenverlust
src\graphics\layers\layer.cpp(29): warning C4018: "<": Konflikt zwischen "signed" und "unsigned"
src\graphics\layers\layer.cpp(55): warning C4018: "<": Konflikt zwischen "signed" und "unsigned"
src\graphics\layers\layer.cpp(63): warning C4018: "<": Konflikt zwischen "signed" und "unsigned"
  shader.cpp
e:\github\clownfish-engine\clownfish\clownfish-core\src\maths\maths_func.h(11): warning C4244: "return": Konvertierung von "double" in "float", möglicher Datenverlust
  sprite.cpp
e:\github\clownfish-engine\clownfish\clownfish-core\src\maths\maths_func.h(11): warning C4244: "return": Konvertierung von "double" in "float", möglicher Datenverlust
e:\github\clownfish-engine\clownfish\clownfish-core\src\graphics\Renderable2D.h(73): warning C4244: "Initialisierung": Konvertierung von "float" in "int", möglicher Datenverlust
e:\github\clownfish-engine\clownfish\clownfish-core\src\graphics\Renderable2D.h(74): warning C4244: "Initialisierung": Konvertierung von "float" in "int", möglicher Datenverlust
e:\github\clownfish-engine\clownfish\clownfish-core\src\graphics\Renderable2D.h(75): warning C4244: "Initialisierung": Konvertierung von "float" in "int", möglicher Datenverlust
e:\github\clownfish-engine\clownfish\clownfish-core\src\graphics\Renderable2D.h(76): warning C4244: "Initialisierung": Konvertierung von "float" in "int", möglicher Datenverlust
  texture.cpp
  window.cpp
e:\github\clownfish-engine\clownfish\clownfish-core\src\graphics\..\input\input.h(51): warning C4091: "static ": Ignoriert auf der linken Seite von "clownfish::input::Input", wenn keine Variable deklariert wurde
  input.cpp
e:\github\clownfish-engine\clownfish\clownfish-core\src\input\input.h(51): warning C4091: "static ": Ignoriert auf der linken Seite von "clownfish::input::Input", wenn keine Variable deklariert wurde
  mat4.cpp
e:\github\clownfish-engine\clownfish\clownfish-core\src\maths\maths_func.h(11): warning C4244: "return": Konvertierung von "double" in "float", möglicher Datenverlust
  vec2.cpp
  vec3.cpp
  Kompilieren...
  vec4.cpp
  platform.c
  texture-atlas.c
ext\freetype-gl\texture-atlas.c(132): warning C4090: "=": Unterschiedliche "const"-Qualifizierer
ext\freetype-gl\texture-atlas.c(237): warning C4018: "<": Konflikt zwischen "signed" und "unsigned"
  texture-font.c
  vector.c
  autofit.c
  ftbase.c
  ftbbox.c
  ftbitmap.c
  ftdebug.c
  ftfstype.c
  ftgasp.c
  ftglyph.c
  ftgxval.c
  ftinit.c
  ftlcdfil.c
  ftmm.c
  ftotval.c
  ftpatent.c
  ftpfr.c
  ftstroke.c
  Kompilieren...
  ftsynth.c
  ftsystem.c
  fttype1.c
  ftwinfnt.c
  ftxf86.c
  bdf.c
  ftcache.c
  cff.c
  type1cid.c
  ftgzip.c
  ftlzw.c
  pcf.c
  pfr.c
  psaux.c
  pshinter.c
  psmodule.c
  raster.c
  sfnt.c
  smooth.c
  truetype.c
  Kompilieren...
  type1.c
  type42.c
  winfnt.c
  gc_common.c
  gc_thread.c
  ga_openal.c
  ga.c
  gau.c
  ga_stream.c
  Clownfish-core.vcxproj -> E:\GitHub\Clownfish-Engine\Clownfish\Clownfish-Core\lib\Clownfish-core.lib
