c:\users\jannik\documents\github\clownfish-engine\clownfish\clownfish-core\release\vc141.pdb
c:\users\jannik\documents\github\clownfish-engine\clownfish\clownfish-core\release\ftsynth.obj
c:\users\jannik\documents\github\clownfish-engine\clownfish\clownfish-core\release\ftstroke.obj
c:\users\jannik\documents\github\clownfish-engine\clownfish\clownfish-core\release\ftpfr.obj
c:\users\jannik\documents\github\clownfish-engine\clownfish\clownfish-core\release\ftpatent.obj
c:\users\jannik\documents\github\clownfish-engine\clownfish\clownfish-core\release\ftotval.obj
c:\users\jannik\documents\github\clownfish-engine\clownfish\clownfish-core\release\ftmm.obj
c:\users\jannik\documents\github\clownfish-engine\clownfish\clownfish-core\release\ftlcdfil.obj
c:\users\jannik\documents\github\clownfish-engine\clownfish\clownfish-core\release\ftinit.obj
c:\users\jannik\documents\github\clownfish-engine\clownfish\clownfish-core\release\ftgxval.obj
c:\users\jannik\documents\github\clownfish-engine\clownfish\clownfish-core\release\ftglyph.obj
c:\users\jannik\documents\github\clownfish-engine\clownfish\clownfish-core\release\ftgasp.obj
c:\users\jannik\documents\github\clownfish-engine\clownfish\clownfish-core\release\ftfstype.obj
c:\users\jannik\documents\github\clownfish-engine\clownfish\clownfish-core\release\ftdebug.obj
c:\users\jannik\documents\github\clownfish-engine\clownfish\clownfish-core\release\ftbitmap.obj
c:\users\jannik\documents\github\clownfish-engine\clownfish\clownfish-core\release\ftbbox.obj
c:\users\jannik\documents\github\clownfish-engine\clownfish\clownfish-core\release\ftbase.obj
c:\users\jannik\documents\github\clownfish-engine\clownfish\clownfish-core\release\autofit.obj
c:\users\jannik\documents\github\clownfish-engine\clownfish\clownfish-core\release\utf8-utils.obj
c:\users\jannik\documents\github\clownfish-engine\clownfish\clownfish-core\release\texture-font.obj
c:\users\jannik\documents\github\clownfish-engine\clownfish\clownfish-core\release\distance-field.obj
c:\users\jannik\documents\github\clownfish-engine\clownfish\clownfish-core\release\type1.obj
c:\users\jannik\documents\github\clownfish-engine\clownfish\clownfish-core\release\truetype.obj
c:\users\jannik\documents\github\clownfish-engine\clownfish\clownfish-core\release\smooth.obj
c:\users\jannik\documents\github\clownfish-engine\clownfish\clownfish-core\release\sfnt.obj
c:\users\jannik\documents\github\clownfish-engine\clownfish\clownfish-core\release\raster.obj
c:\users\jannik\documents\github\clownfish-engine\clownfish\clownfish-core\release\psmodule.obj
c:\users\jannik\documents\github\clownfish-engine\clownfish\clownfish-core\release\pshinter.obj
c:\users\jannik\documents\github\clownfish-engine\clownfish\clownfish-core\release\psaux.obj
c:\users\jannik\documents\github\clownfish-engine\clownfish\clownfish-core\release\pfr.obj
c:\users\jannik\documents\github\clownfish-engine\clownfish\clownfish-core\release\pcf.obj
c:\users\jannik\documents\github\clownfish-engine\clownfish\clownfish-core\release\ftlzw.obj
c:\users\jannik\documents\github\clownfish-engine\clownfish\clownfish-core\release\ftgzip.obj
c:\users\jannik\documents\github\clownfish-engine\clownfish\clownfish-core\release\type1cid.obj
c:\users\jannik\documents\github\clownfish-engine\clownfish\clownfish-core\release\cff.obj
c:\users\jannik\documents\github\clownfish-engine\clownfish\clownfish-core\release\ftcache.obj
c:\users\jannik\documents\github\clownfish-engine\clownfish\clownfish-core\release\bdf.obj
c:\users\jannik\documents\github\clownfish-engine\clownfish\clownfish-core\release\ftxf86.obj
c:\users\jannik\documents\github\clownfish-engine\clownfish\clownfish-core\release\ftwinfnt.obj
c:\users\jannik\documents\github\clownfish-engine\clownfish\clownfish-core\release\fttype1.obj
c:\users\jannik\documents\github\clownfish-engine\clownfish\clownfish-core\release\ftsystem.obj
c:\users\jannik\documents\github\clownfish-engine\clownfish\clownfish-core\release\winfnt.obj
c:\users\jannik\documents\github\clownfish-engine\clownfish\clownfish-core\release\type42.obj
c:\users\jannik\documents\github\clownfish-engine\clownfish\clownfish-core\release\vector.obj
c:\users\jannik\documents\github\clownfish-engine\clownfish\clownfish-core\release\texture-atlas.obj
c:\users\jannik\documents\github\clownfish-engine\clownfish\clownfish-core\release\platform.obj
c:\users\jannik\documents\github\clownfish-engine\clownfish\clownfish-core\release\font-manager.obj
c:\users\jannik\documents\github\clownfish-engine\clownfish\clownfish-core\release\edtaa3func.obj
c:\users\jannik\documents\github\clownfish-engine\clownfish\clownfish-core\release\vec3.obj
c:\users\jannik\documents\github\clownfish-engine\clownfish\clownfish-core\release\vec2.obj
c:\users\jannik\documents\github\clownfish-engine\clownfish\clownfish-core\release\mat4.obj
c:\users\jannik\documents\github\clownfish-engine\clownfish\clownfish-core\release\input.obj
c:\users\jannik\documents\github\clownfish-engine\clownfish\clownfish-core\release\window.obj
c:\users\jannik\documents\github\clownfish-engine\clownfish\clownfish-core\release\texture.obj
c:\users\jannik\documents\github\clownfish-engine\clownfish\clownfish-core\release\static_sprite.obj
c:\users\jannik\documents\github\clownfish-engine\clownfish\clownfish-core\release\sprite.obj
c:\users\jannik\documents\github\clownfish-engine\clownfish\clownfish-core\release\simple3drenderer.obj
c:\users\jannik\documents\github\clownfish-engine\clownfish\clownfish-core\release\shader.obj
c:\users\jannik\documents\github\clownfish-engine\clownfish\clownfish-core\release\simple2drenderer.obj
c:\users\jannik\documents\github\clownfish-engine\clownfish\clownfish-core\release\model.obj
c:\users\jannik\documents\github\clownfish-engine\clownfish\clownfish-core\release\tilelayer.obj
c:\users\jannik\documents\github\clownfish-engine\clownfish\clownfish-core\release\layer.obj
c:\users\jannik\documents\github\clownfish-engine\clownfish\clownfish-core\release\group.obj
c:\users\jannik\documents\github\clownfish-engine\clownfish\clownfish-core\release\vertexarray.obj
c:\users\jannik\documents\github\clownfish-engine\clownfish\clownfish-core\release\indexbuffer.obj
c:\users\jannik\documents\github\clownfish-engine\clownfish\clownfish-core\release\buffer.obj
c:\users\jannik\documents\github\clownfish-engine\clownfish\clownfish-core\release\batchrenderer2d.obj
c:\users\jannik\documents\github\clownfish-engine\clownfish\clownfish-core\release\main.obj
c:\users\jannik\documents\github\clownfish-engine\clownfish\clownfish-core\release\vec4.obj
c:\users\jannik\documents\github\clownfish-engine\clownfish\clownfish-core\release\label.obj
c:\users\jannik\documents\github\clownfish-engine\clownfish\clownfish-core\release\font.obj
c:\users\jannik\documents\github\clownfish-engine\clownfish\clownfish-core\release\fontmanager.obj
c:\users\jannik\documents\github\clownfish-engine\clownfish\clownfish-core\release\ga_stream.obj
c:\users\jannik\documents\github\clownfish-engine\clownfish\clownfish-core\release\ga.obj
c:\users\jannik\documents\github\clownfish-engine\clownfish\clownfish-core\release\gc_thread.obj
c:\users\jannik\documents\github\clownfish-engine\clownfish\clownfish-core\release\gc_common.obj
c:\users\jannik\documents\github\clownfish-engine\clownfish\clownfish-core\release\ga_openal.obj
c:\users\jannik\documents\github\clownfish-engine\clownfish\clownfish-core\release\gau.obj
c:\users\jannik\documents\github\clownfish-engine\clownfish\release\bin\clownfish-core.ipdb
c:\users\jannik\documents\github\clownfish-engine\clownfish\release\bin\clownfish-core.iobj
c:\users\jannik\documents\github\clownfish-engine\clownfish\clownfish-core\clownfish-core.ipdb
c:\users\jannik\documents\github\clownfish-engine\clownfish\clownfish-core\clownfish-core.iobj
c:\users\jannik\documents\github\clownfish-engine\clownfish\clownfish-core\clownfish-core.exe
c:\users\jannik\documents\github\clownfish-engine\clownfish\clownfish-core\clownfish-core.pdb
c:\users\jannik\documents\github\clownfish-engine\clownfish\clownfish-core\release\clownfish-core.tlog\cl.command.1.tlog
c:\users\jannik\documents\github\clownfish-engine\clownfish\clownfish-core\release\clownfish-core.tlog\cl.read.1.tlog
c:\users\jannik\documents\github\clownfish-engine\clownfish\clownfish-core\release\clownfish-core.tlog\cl.write.1.tlog
c:\users\jannik\documents\github\clownfish-engine\clownfish\clownfish-core\release\clownfish-core.tlog\clownfish-core.write.1u.tlog
c:\users\jannik\documents\github\clownfish-engine\clownfish\clownfish-core\release\clownfish-core.tlog\link.command.1.tlog
c:\users\jannik\documents\github\clownfish-engine\clownfish\clownfish-core\release\clownfish-core.tlog\link.read.1.tlog
c:\users\jannik\documents\github\clownfish-engine\clownfish\clownfish-core\release\clownfish-core.tlog\link.read.5.tlog
c:\users\jannik\documents\github\clownfish-engine\clownfish\clownfish-core\release\clownfish-core.tlog\link.read.6.tlog
c:\users\jannik\documents\github\clownfish-engine\clownfish\clownfish-core\release\clownfish-core.tlog\link.write.1.tlog
