c:\users\janni\documents\github\clownfish-engine\clownfish\clownfish-core\debug\vc141.pdb
e:\github\clownfish-engine\clownfish\clownfish-core\debug\vc141.pdb
e:\github\clownfish-engine\clownfish\clownfish-core\debug\vc141.idb
e:\github\clownfish-engine\clownfish\clownfish-core\debug\audioclip.obj
e:\github\clownfish-engine\clownfish\clownfish-core\debug\audiomanager.obj
e:\github\clownfish-engine\clownfish\clownfish-core\debug\fontmanager.obj
e:\github\clownfish-engine\clownfish\clownfish-core\debug\font.obj
e:\github\clownfish-engine\clownfish\clownfish-core\debug\batchrenderer2d.obj
e:\github\clownfish-engine\clownfish\clownfish-core\debug\buffer.obj
e:\github\clownfish-engine\clownfish\clownfish-core\debug\indexbuffer.obj
e:\github\clownfish-engine\clownfish\clownfish-core\debug\vertexarray.obj
e:\github\clownfish-engine\clownfish\clownfish-core\debug\label.obj
e:\github\clownfish-engine\clownfish\clownfish-core\debug\group.obj
e:\github\clownfish-engine\clownfish\clownfish-core\debug\layer.obj
e:\github\clownfish-engine\clownfish\clownfish-core\debug\shader.obj
e:\github\clownfish-engine\clownfish\clownfish-core\debug\sprite.obj
e:\github\clownfish-engine\clownfish\clownfish-core\debug\texture.obj
e:\github\clownfish-engine\clownfish\clownfish-core\debug\window.obj
e:\github\clownfish-engine\clownfish\clownfish-core\debug\input.obj
e:\github\clownfish-engine\clownfish\clownfish-core\debug\mat4.obj
e:\github\clownfish-engine\clownfish\clownfish-core\debug\vec2.obj
e:\github\clownfish-engine\clownfish\clownfish-core\debug\vec3.obj
e:\github\clownfish-engine\clownfish\clownfish-core\debug\vec4.obj
e:\github\clownfish-engine\clownfish\clownfish-core\debug\layout.obj
e:\github\clownfish-engine\clownfish\clownfish-core\debug\ftgzip.obj
e:\github\clownfish-engine\clownfish\clownfish-core\debug\ftlzw.obj
e:\github\clownfish-engine\clownfish\clownfish-core\debug\pcf.obj
e:\github\clownfish-engine\clownfish\clownfish-core\debug\pfr.obj
e:\github\clownfish-engine\clownfish\clownfish-core\debug\psaux.obj
e:\github\clownfish-engine\clownfish\clownfish-core\debug\pshinter.obj
e:\github\clownfish-engine\clownfish\clownfish-core\debug\psmodule.obj
e:\github\clownfish-engine\clownfish\clownfish-core\debug\raster.obj
e:\github\clownfish-engine\clownfish\clownfish-core\debug\sfnt.obj
e:\github\clownfish-engine\clownfish\clownfish-core\debug\smooth.obj
e:\github\clownfish-engine\clownfish\clownfish-core\debug\truetype.obj
e:\github\clownfish-engine\clownfish\clownfish-core\debug\type1.obj
e:\github\clownfish-engine\clownfish\clownfish-core\debug\type42.obj
e:\github\clownfish-engine\clownfish\clownfish-core\debug\winfnt.obj
e:\github\clownfish-engine\clownfish\clownfish-core\debug\gc_common.obj
e:\github\clownfish-engine\clownfish\clownfish-core\debug\gc_thread.obj
e:\github\clownfish-engine\clownfish\clownfish-core\debug\ga_openal.obj
e:\github\clownfish-engine\clownfish\clownfish-core\debug\ga.obj
e:\github\clownfish-engine\clownfish\clownfish-core\debug\gau.obj
e:\github\clownfish-engine\clownfish\clownfish-core\debug\ga_stream.obj
e:\github\clownfish-engine\clownfish\clownfish-core\debug\ftfstype.obj
e:\github\clownfish-engine\clownfish\clownfish-core\debug\ftgasp.obj
e:\github\clownfish-engine\clownfish\clownfish-core\debug\ftglyph.obj
e:\github\clownfish-engine\clownfish\clownfish-core\debug\ftgxval.obj
e:\github\clownfish-engine\clownfish\clownfish-core\debug\ftinit.obj
e:\github\clownfish-engine\clownfish\clownfish-core\debug\ftlcdfil.obj
e:\github\clownfish-engine\clownfish\clownfish-core\debug\ftmm.obj
e:\github\clownfish-engine\clownfish\clownfish-core\debug\ftotval.obj
e:\github\clownfish-engine\clownfish\clownfish-core\debug\ftpatent.obj
e:\github\clownfish-engine\clownfish\clownfish-core\debug\ftpfr.obj
e:\github\clownfish-engine\clownfish\clownfish-core\debug\ftstroke.obj
e:\github\clownfish-engine\clownfish\clownfish-core\debug\ftsynth.obj
e:\github\clownfish-engine\clownfish\clownfish-core\debug\ftsystem.obj
e:\github\clownfish-engine\clownfish\clownfish-core\debug\fttype1.obj
e:\github\clownfish-engine\clownfish\clownfish-core\debug\ftwinfnt.obj
e:\github\clownfish-engine\clownfish\clownfish-core\debug\ftxf86.obj
e:\github\clownfish-engine\clownfish\clownfish-core\debug\bdf.obj
e:\github\clownfish-engine\clownfish\clownfish-core\debug\ftcache.obj
e:\github\clownfish-engine\clownfish\clownfish-core\debug\cff.obj
e:\github\clownfish-engine\clownfish\clownfish-core\debug\type1cid.obj
e:\github\clownfish-engine\clownfish\clownfish-core\debug\platform.obj
e:\github\clownfish-engine\clownfish\clownfish-core\debug\texture-atlas.obj
e:\github\clownfish-engine\clownfish\clownfish-core\debug\texture-font.obj
e:\github\clownfish-engine\clownfish\clownfish-core\debug\vector.obj
e:\github\clownfish-engine\clownfish\clownfish-core\debug\autofit.obj
e:\github\clownfish-engine\clownfish\clownfish-core\debug\ftbase.obj
e:\github\clownfish-engine\clownfish\clownfish-core\debug\ftbbox.obj
e:\github\clownfish-engine\clownfish\clownfish-core\debug\ftbitmap.obj
e:\github\clownfish-engine\clownfish\clownfish-core\debug\ftdebug.obj
c:\users\janni\documents\github\clownfish-engine\clownfish\debug\bin\clownfish-core.exe
c:\users\janni\documents\github\clownfish-engine\clownfish\debug\bin\clownfish-core.pdb
e:\github\clownfish-engine\clownfish\debug\bin\clownfish-core.exe
e:\github\clownfish-engine\clownfish\debug\bin\clownfish-core.pdb
e:\github\clownfish-engine\clownfish\clownfish-core\debug\game.obj
e:\github\clownfish-engine\clownfish\clownfish-core\debug\main.obj
e:\github\clownfish-engine\clownfish\clownfish-core\debug\model.obj
e:\github\clownfish-engine\clownfish\clownfish-core\debug\simple2drenderer.obj
e:\github\clownfish-engine\clownfish\clownfish-core\debug\static_sprite.obj
e:\github\clownfish-engine\clownfish\clownfish-core\debug\tilelayer.obj
e:\github\clownfish-engine\clownfish\clownfish-core\debug\clownfish-core.tlog\cl.command.1.tlog
e:\github\clownfish-engine\clownfish\clownfish-core\debug\clownfish-core.tlog\cl.read.1.tlog
e:\github\clownfish-engine\clownfish\clownfish-core\debug\clownfish-core.tlog\cl.write.1.tlog
e:\github\clownfish-engine\clownfish\clownfish-core\debug\clownfish-core.tlog\link.command.1.tlog
e:\github\clownfish-engine\clownfish\clownfish-core\debug\clownfish-core.tlog\link.read.1.tlog
e:\github\clownfish-engine\clownfish\clownfish-core\debug\clownfish-core.tlog\link.write.1.tlog
